
Input data:
1-	%
2-	pin 1
3-	uo2  0.412 % uo2 radi
4-	clad 0.476
5-	water
6-	%
7-	pin 11
8-	uo2gd 0.412
9-	void  0.420
10-	clad  0.44
11-	water
12-	
13-	refine pin 1 2 3 4
14-	
15-	quadrature 8 0.8 2
16-	
17-	boundary all reflective
18-	
19-	%system 10
20-	
21-	%run <iterations> <tolerance>
22-	run 60 1E-09 
23-	
24-	%lib <path/to/lib>
25-	lib endf_69 
26-	
27-	%surf <surfId> <surfType> <surfParam>
28-	surf 10 sqr 0.0 0.0 1.0
29-	surf 11 rect 2.0 2.0 1.0 2.0
30-	surf 12 cyl  3.0 3.0 1.0
31-	
32-	%cell <cellId> <universeId> <material> <surf id 1> <surf id 2> ...
33-	
34-	cell 10 10 uo2 -10
35-	cell 11 10 uo2 -11
36-	
37-	lattice 10 1 0.0 0.0 1 1 1.265 % <latticeId> <latticeType> <xCoor> <yCoor> <rows> <columns> <pitch> 
39-	1
38-	
39-	%macro <groups>
40-	macro 6
41-	
42-	%material <materialId> <massDensity>
43-	%<zaidId_1> <atomicDensity_1>
44-	%...
45-	%<zaidId_n> <atomicDensity_n>
46-	
47-	material uo2 10.9
49-	8016.09  4.5945E-02
50-	92235.09 1.5122E-03%
51-	92238.09 2.1477E-02
52-	
48-	material water 1.0
50-	1001.06 4.4148E-02
51-	8016.06   2.2074E-02
52-	
49-	material clad 5.0
51-	40000.06 4.3107E-02
52-	
